<?xml version="1.0" encoding="UTF-8" ?>
<testsuite tests="8" failures="0" name="com.sqli.workshop.ddd.connaissance.client.domain.ConnaissanceClientServiceImplTest" time="1.713" errors="1" skipped="0">
  <properties>
[...]
</properties>
  <testcase classname="com.sqli.workshop.ddd.connaissance.client.domain.ConnaissanceClientServiceImplTest" name="delete_client_return_ok" time="1.658"/>
  <testcase classname="com.sqli.workshop.ddd.connaissance.client.domain.ConnaissanceClientServiceImplTest" name="given_situation_no_client_save_return_ok" time="0.025"/>
  <testcase classname="com.sqli.workshop.ddd.connaissance.client.domain.ConnaissanceClientServiceImplTest" name="given_connaissance_client_null_get_should_return_empty" time="0.004"/>
  <testcase classname="com.sqli.workshop.ddd.connaissance.client.domain.ConnaissanceClientServiceImplTest" name="given_adresse_save_return_ok" time="0.008"/>
  <testcase classname="com.sqli.workshop.ddd.connaissance.client.domain.ConnaissanceClientServiceImplTest" name="given_connaissance_client_not_null_get_should_return_data" time="0.001"/>
  <testcase classname="com.sqli.workshop.ddd.connaissance.client.domain.ConnaissanceClientServiceImplTest" name="given_connaissanceclient_findall_return_list" time="0.01">
    <error type="java.lang.NullPointerException">java.lang.NullPointerException
	at com.sqli.workshop.ddd.connaissance.client.domain.ConnaissanceClientServiceImplTest.given_connaissanceclient_findall_return_list(ConnaissanceClientServiceImplTest.java:168)
	at java.base/jdk.internal.reflect.NativeMethodAccessorImpl.invoke0(Native Method)
	at java.base/jdk.internal.reflect.NativeMethodAccessorImpl.invoke(NativeMethodAccessorImpl.java:62)
	at java.base/jdk.internal.reflect.DelegatingMethodAccessorImpl.invoke(DelegatingMethodAccessorImpl.java:43)
	at java.base/java.lang.reflect.Method.invoke(Method.java:566)
	at org.junit.runners.model.FrameworkMethod$1.runReflectiveCall(FrameworkMethod.java:59)
	at org.junit.internal.runners.model.ReflectiveCallable.run(ReflectiveCallable.java:12)
	at org.junit.runners.model.FrameworkMethod.invokeExplosively(FrameworkMethod.java:56)
	at org.junit.internal.runners.statements.InvokeMethod.evaluate(InvokeMethod.java:17)
	at org.junit.internal.runners.statements.RunBefores.evaluate(RunBefores.java:26)
	at org.junit.runners.ParentRunner$3.evaluate(ParentRunner.java:306)
	at org.junit.runners.BlockJUnit4ClassRunner$1.evaluate(BlockJUnit4ClassRunner.java:100)
	at org.junit.runners.ParentRunner.runLeaf(ParentRunner.java:366)
	at org.junit.runners.BlockJUnit4ClassRunner.runChild(BlockJUnit4ClassRunner.java:103)
	at org.junit.runners.BlockJUnit4ClassRunner.runChild(BlockJUnit4ClassRunner.java:63)
	at org.junit.runners.ParentRunner$4.run(ParentRunner.java:331)
	at org.junit.runners.ParentRunner$1.schedule(ParentRunner.java:79)
	at org.junit.runners.ParentRunner.runChildren(ParentRunner.java:329)
	at org.junit.runners.ParentRunner.access$100(ParentRunner.java:66)
	at org.junit.runners.ParentRunner$2.evaluate(ParentRunner.java:293)
	at org.junit.runners.ParentRunner$3.evaluate(ParentRunner.java:306)
	at org.junit.runners.ParentRunner.run(ParentRunner.java:413)
	at org.apache.maven.surefire.junit4.JUnit4Provider.execute(JUnit4Provider.java:252)
	at org.apache.maven.surefire.junit4.JUnit4Provider.executeTestSet(JUnit4Provider.java:141)
	at org.apache.maven.surefire.junit4.JUnit4Provider.invoke(JUnit4Provider.java:112)
	at java.base/jdk.internal.reflect.NativeMethodAccessorImpl.invoke0(Native Method)
	at java.base/jdk.internal.reflect.NativeMethodAccessorImpl.invoke(NativeMethodAccessorImpl.java:62)
	at java.base/jdk.internal.reflect.DelegatingMethodAccessorImpl.invoke(DelegatingMethodAccessorImpl.java:43)
	at java.base/java.lang.reflect.Method.invoke(Method.java:566)
	at org.apache.maven.surefire.util.ReflectionUtils.invokeMethodWithArray(ReflectionUtils.java:189)
	at org.apache.maven.surefire.booter.ProviderFactory$ProviderProxy.invoke(ProviderFactory.java:165)
	at org.apache.maven.surefire.booter.ProviderFactory.invokeProvider(ProviderFactory.java:85)
	at org.apache.maven.surefire.booter.ForkedBooter.runSuitesInProcess(ForkedBooter.java:115)
	at org.apache.maven.surefire.booter.ForkedBooter.main(ForkedBooter.java:75)
</error>
  </testcase>
  <testcase classname="com.sqli.workshop.ddd.connaissance.client.domain.ConnaissanceClientServiceImplTest" name="given_situation_save_return_ok" time="0.004"/>
  <testcase classname="com.sqli.workshop.ddd.connaissance.client.domain.ConnaissanceClientServiceImplTest" name="given_connaissance_client_save_return_id" time="0.003"/>
</testsuite>