<?xml version="1.0" encoding="UTF-8" ?>
<testsuite tests="2" failures="0" name="com.sqli.workshop.ddd.connaissance.client.domain.models.ConnaissanceClientTest" time="0.026" errors="0" skipped="0">
  <properties>
[...]
</properties>
  <testcase classname="com.sqli.workshop.ddd.connaissance.client.domain.models.ConnaissanceClientTest" name="sort_connaissanceclient_on_fields_nom_prenom" time="0.025"/>
  <testcase classname="com.sqli.workshop.ddd.connaissance.client.domain.models.ConnaissanceClientTest" name="allargsconstructor_will_return_ok" time="0.001"/>
</testsuite>