<?xml version="1.0" encoding="UTF-8"?>
<testsuite xmlns:xsi="http://www.w3.org/2001/XMLSchema-instance" xsi:noNamespaceSchemaLocation="https://maven.apache.org/surefire/maven-surefire-plugin/xsd/surefire-test-report.xsd" name="karate.KarateRunnerTest" time="34.977" tests="4" errors="0" skipped="0" failures="0">
  <properties>
[...]
</properties>
  <testcase name="connaissanceClient[1][1]" classname="karate.KarateRunnerTest" time="20.55"/>
  <testcase name="connaissanceClient[2][1]" classname="karate.KarateRunnerTest" time="0.607"/>
  <testcase name="connaissanceClient[2][2]" classname="karate.KarateRunnerTest" time="0.343"/>
  <testcase name="connaissanceClient[3][1]" classname="karate.KarateRunnerTest" time="0.586"/>
</testsuite>